============================
Auto-sync run at: 2025-09-30T11:06:26+02:00
Working directory: /d/Michel/DAStatFormer
Branch: main

>>> Pulling latest changes...
M	results_figure/DAS_DataNorm_all_domains_for_GTN 99.42% Adagrad epoch=100 batch=32 lr=0.0001 pe=True mask=True [256,8,8,8,8,0.2].png
M	results_figure/DAS_DataNorm_all_domains_for_GTN_Conf_Max.png
D	saved_model/DAS_DataNorm_all_domains_for_GTN batch=32.pkl
Your branch is up to date with 'origin/main'.
Already on 'main'
error: cannot pull with rebase: You have unstaged changes.
error: Please commit or stash them.
============================
Auto-sync run at: 2025-09-30T11:07:01+02:00
Working directory: /d/Michel/DAStatFormer
Branch: main

>>> Pulling latest changes...
M	results_figure/DAS_DataNorm_all_domains_for_GTN 99.42% Adagrad epoch=100 batch=32 lr=0.0001 pe=True mask=True [256,8,8,8,8,0.2].png
M	results_figure/DAS_DataNorm_all_domains_for_GTN_Conf_Max.png
D	saved_model/DAS_DataNorm_all_domains_for_GTN batch=32.pkl
Your branch is up to date with 'origin/main'.
Already on 'main'
error: cannot pull with rebase: You have unstaged changes.
error: Please commit or stash them.
